Using pre-set license
Built from '2020.3/staging' branch; Version is '2020.3.0f1 (c7b5465681fb) revision 13088070'; Using compiler version '192528614'; Build Type 'Release'
OS: 'Windows 10 Pro; OS build 19042.985; Version 2009; 64bit' Language: 'en' Physical Memory: 16313 MB
BatchMode: 1, IsHumanControllingUs: 0, StartBugReporterOnCrash: 0, Is64bit: 1, IsPro: 0

 COMMAND LINE ARGUMENTS:
C:\Program Files\Unity\Hub\Editor\2020.3.0f1\Editor\Unity.exe
-adb2
-batchMode
-noUpm
-name
AssetImportWorker0
-projectPath
C:/UNITY/Hide and Seek
-logFile
Logs/AssetImportWorker0.log
-srvPort
57264
Successfully changed project path to: C:/UNITY/Hide and Seek
C:/UNITY/Hide and Seek
Using Asset Import Pipeline V2.
Refreshing native plugins compatible for Editor in 32.67 ms, found 0 plugins.
Preloading 0 native plugins for Editor in 0.00 ms.
Initialize engine version: 2020.3.0f1 (c7b5465681fb)
[Subsystems] Discovering subsystems at path C:/Program Files/Unity/Hub/Editor/2020.3.0f1/Editor/Data/Resources/UnitySubsystems
[Subsystems] Discovering subsystems at path C:/UNITY/Hide and Seek/Assets
GfxDevice: creating device client; threaded=0
Direct3D:
    Version:  Direct3D 11.0 [level 11.1]
    Renderer: Radeon RX 570 Series (ID=0x67df)
    Vendor:   
    VRAM:     4075 MB
    Driver:   27.20.21002.112
Initialize mono
Mono path[0] = 'C:/Program Files/Unity/Hub/Editor/2020.3.0f1/Editor/Data/Managed'
Mono path[1] = 'C:/Program Files/Unity/Hub/Editor/2020.3.0f1/Editor/Data/MonoBleedingEdge/lib/mono/unityjit'
Mono config path = 'C:/Program Files/Unity/Hub/Editor/2020.3.0f1/Editor/Data/MonoBleedingEdge/etc'
Using monoOptions --debugger-agent=transport=dt_socket,embedding=1,server=y,suspend=n,address=127.0.0.1:56904
Begin MonoManager ReloadAssembly
Registering precompiled unity dll's ...
Register platform support module: C:/Program Files/Unity/Hub/Editor/2020.3.0f1/Editor/Data/PlaybackEngines/WindowsStandaloneSupport/UnityEditor.WindowsStandalone.Extensions.dll
Registered in 0.002191 seconds.
Native extension for WindowsStandalone target not found
Refreshing native plugins compatible for Editor in 29.44 ms, found 0 plugins.
Preloading 0 native plugins for Editor in 0.00 ms.
Invoked RoslynAnalysisRunner static constructor.
RoslynAnalysisRunner will not be running.
RoslynAnalysisRunner has terminated.
Mono: successfully reloaded assembly
- Completed reload, in  1.911 seconds
Platform modules already initialized, skipping
Registering precompiled user dll's ...
Registered in 0.002989 seconds.
Begin MonoManager ReloadAssembly
Native extension for WindowsStandalone target not found
Refreshing native plugins compatible for Editor in 0.36 ms, found 0 plugins.
Preloading 0 native plugins for Editor in 0.00 ms.
Invoked RoslynAnalysisRunner static constructor.
RoslynAnalysisRunner will not be running.
RoslynAnalysisRunner has terminated.
Mono: successfully reloaded assembly
- Completed reload, in  0.834 seconds
Platform modules already initialized, skipping
========================================================================
Worker process is ready to serve import requests
Launched and connected shader compiler UnityShaderCompiler.exe after 0.10 seconds
Refreshing native plugins compatible for Editor in 0.36 ms, found 0 plugins.
Preloading 0 native plugins for Editor in 0.00 ms.
Unloading 1385 Unused Serialized files (Serialized files now loaded: 0)
System memory in use before: 71.7 MB.
System memory in use after: 71.8 MB.

Unloading 17 unused Assets to reduce memory usage. Loaded Objects now: 1830.
Total: 1.729400 ms (FindLiveObjects: 0.176900 ms CreateObjectMapping: 0.090600 ms MarkObjects: 1.380200 ms  DeleteObjects: 0.080500 ms)

========================================================================
Received Import Request.
  path: Assets/Meshes/Decorative plants/Textures/Bamboo normal.tga
  artifactKey: Guid(ad77cf091ef199a489cb4f233571ae9c) Importer(815301076,1909f56bfc062723c751e8b465ee728b)
Start importing Assets/Meshes/Decorative plants/Textures/Bamboo normal.tga using Guid(ad77cf091ef199a489cb4f233571ae9c) Importer(815301076,1909f56bfc062723c751e8b465ee728b)  -> (artifact id: '93726875229c1e4d0354f5e0133c239b') in 0.097860 seconds
  Import took 0.100442 seconds .

========================================================================
Received Import Request.
  Time since last request: 0.000192 seconds.
  path: Assets/Meshes/Decorative plants/Textures/Bamboo diffuse.tga
  artifactKey: Guid(0195ac67f1c180c4d880e57ff21b1535) Importer(815301076,1909f56bfc062723c751e8b465ee728b)
Start importing Assets/Meshes/Decorative plants/Textures/Bamboo diffuse.tga using Guid(0195ac67f1c180c4d880e57ff21b1535) Importer(815301076,1909f56bfc062723c751e8b465ee728b)  -> (artifact id: '169798ca847da6ca853a494a262d3f2c') in 0.019943 seconds
  Import took 0.022253 seconds .

========================================================================
Received Import Request.
  Time since last request: 5.190714 seconds.
  path: Assets/Meshes/Decorative plants/Textures/Palm diffuse.tga
  artifactKey: Guid(b04788af13e75414d8eafa2cc9e52da4) Importer(815301076,1909f56bfc062723c751e8b465ee728b)
Start importing Assets/Meshes/Decorative plants/Textures/Palm diffuse.tga using Guid(b04788af13e75414d8eafa2cc9e52da4) Importer(815301076,1909f56bfc062723c751e8b465ee728b)  -> (artifact id: 'fb9b1cd7bcc0bfbe75fa0ff1088fbc3d') in 0.017473 seconds
  Import took 0.020546 seconds .

========================================================================
Received Import Request.
  Time since last request: 0.000196 seconds.
  path: Assets/Meshes/Decorative plants/Textures/Palm normal.tga
  artifactKey: Guid(85c8800ca193a824d8f2902967ae01ba) Importer(815301076,1909f56bfc062723c751e8b465ee728b)
Start importing Assets/Meshes/Decorative plants/Textures/Palm normal.tga using Guid(85c8800ca193a824d8f2902967ae01ba) Importer(815301076,1909f56bfc062723c751e8b465ee728b)  -> (artifact id: '523370709e0c518bca2512bc423b64ba') in 0.011716 seconds
  Import took 0.014276 seconds .

========================================================================
Received Import Request.
  Time since last request: 0.003335 seconds.
  path: Assets/Meshes/Decorative plants/Textures/Palm diffuse.tga
  artifactKey: Guid(b04788af13e75414d8eafa2cc9e52da4) Importer(815301076,1909f56bfc062723c751e8b465ee728b)
Start importing Assets/Meshes/Decorative plants/Textures/Palm diffuse.tga using Guid(b04788af13e75414d8eafa2cc9e52da4) Importer(815301076,1909f56bfc062723c751e8b465ee728b)  -> (artifact id: 'fb9b1cd7bcc0bfbe75fa0ff1088fbc3d') in 0.011898 seconds
  Import took 0.014719 seconds .

========================================================================
Received Import Request.
  Time since last request: 429.796983 seconds.
  path: Assets/BigFurniturePack/Prefabs
  artifactKey: Guid(0ca55815669e4364695ce5d716f50051) Importer(815301076,1909f56bfc062723c751e8b465ee728b)
Start importing Assets/BigFurniturePack/Prefabs using Guid(0ca55815669e4364695ce5d716f50051) Importer(815301076,1909f56bfc062723c751e8b465ee728b)  -> (artifact id: '20e261cde5f70637652f403c5c6f84cc') in 0.006051 seconds
  Import took 0.012742 seconds .

========================================================================
Received Import Request.
  Time since last request: 3.701993 seconds.
  path: Assets/BigFurniturePack/Prefabs/Lights
  artifactKey: Guid(e2e6d1a423fcdad4d93f8abfd05a4abc) Importer(815301076,1909f56bfc062723c751e8b465ee728b)
Start importing Assets/BigFurniturePack/Prefabs/Lights using Guid(e2e6d1a423fcdad4d93f8abfd05a4abc) Importer(815301076,1909f56bfc062723c751e8b465ee728b)  -> (artifact id: '4e1a45b34d4076c22c2d431521ff877f') in 0.005943 seconds
  Import took 0.008152 seconds .

========================================================================
Received Import Request.
  Time since last request: 0.000782 seconds.
  path: Assets/BigFurniturePack/Prefabs/Lights
  artifactKey: Guid(e2e6d1a423fcdad4d93f8abfd05a4abc) Importer(815301076,1909f56bfc062723c751e8b465ee728b)
Start importing Assets/BigFurniturePack/Prefabs/Lights using Guid(e2e6d1a423fcdad4d93f8abfd05a4abc) Importer(815301076,1909f56bfc062723c751e8b465ee728b)  -> (artifact id: '4e1a45b34d4076c22c2d431521ff877f') in 0.002166 seconds
  Import took 0.004631 seconds .

========================================================================
Received Import Request.
  Time since last request: 0.171198 seconds.
  path: Assets/BigFurniturePack/Prefabs/Lights/torchere_1.prefab
  artifactKey: Guid(f4383bc7fc56a1e44b009cab877fd6c7) Importer(815301076,1909f56bfc062723c751e8b465ee728b)
Start importing Assets/BigFurniturePack/Prefabs/Lights/torchere_1.prefab using Guid(f4383bc7fc56a1e44b009cab877fd6c7) Importer(815301076,1909f56bfc062723c751e8b465ee728b)  -> (artifact id: 'a9b6a8fe3ba134989cff595831451b00') in 0.042243 seconds
  Import took 0.044633 seconds .

========================================================================
Received Import Request.
  Time since last request: 0.000194 seconds.
  path: Assets/BigFurniturePack/Prefabs/Lights/torchere_4.prefab
  artifactKey: Guid(ab7e43b46e30f5a409fe73d7d545bfa4) Importer(815301076,1909f56bfc062723c751e8b465ee728b)
Start importing Assets/BigFurniturePack/Prefabs/Lights/torchere_4.prefab using Guid(ab7e43b46e30f5a409fe73d7d545bfa4) Importer(815301076,1909f56bfc062723c751e8b465ee728b)  -> (artifact id: '8215534ccbd7f3805b5929aa37c3bd55') in 0.016282 seconds
  Import took 0.018592 seconds .

========================================================================
Received Import Request.
  Time since last request: 0.000197 seconds.
  path: Assets/BigFurniturePack/Prefabs/Lights/wall_lighter.prefab
  artifactKey: Guid(abf9c9ddc7f2f9d4fb450f472036aee7) Importer(815301076,1909f56bfc062723c751e8b465ee728b)
Start importing Assets/BigFurniturePack/Prefabs/Lights/wall_lighter.prefab using Guid(abf9c9ddc7f2f9d4fb450f472036aee7) Importer(815301076,1909f56bfc062723c751e8b465ee728b)  -> (artifact id: '3c5302905d617b53bcd1ee83a6d706f9') in 0.013392 seconds
  Import took 0.016102 seconds .

========================================================================
Received Import Request.
  Time since last request: 0.000175 seconds.
  path: Assets/BigFurniturePack/Prefabs/Lights/torchere_2.prefab
  artifactKey: Guid(5ab7df4388e0265499e7e58faf1d6aed) Importer(815301076,1909f56bfc062723c751e8b465ee728b)
Start importing Assets/BigFurniturePack/Prefabs/Lights/torchere_2.prefab using Guid(5ab7df4388e0265499e7e58faf1d6aed) Importer(815301076,1909f56bfc062723c751e8b465ee728b)  -> (artifact id: 'a075733cfb454345f1f5ac69bd509dda') in 0.012509 seconds
  Import took 0.014857 seconds .

========================================================================
Received Import Request.
  Time since last request: 0.000155 seconds.
  path: Assets/BigFurniturePack/Prefabs/Lights/torchere_1.prefab
  artifactKey: Guid(f4383bc7fc56a1e44b009cab877fd6c7) Importer(815301076,1909f56bfc062723c751e8b465ee728b)
Start importing Assets/BigFurniturePack/Prefabs/Lights/torchere_1.prefab using Guid(f4383bc7fc56a1e44b009cab877fd6c7) Importer(815301076,1909f56bfc062723c751e8b465ee728b)  -> (artifact id: 'a9b6a8fe3ba134989cff595831451b00') in 0.009256 seconds
  Import took 0.011484 seconds .

========================================================================
Received Import Request.
  Time since last request: 0.000144 seconds.
  path: Assets/BigFurniturePack/Prefabs/Lights/torchere_3.prefab
  artifactKey: Guid(bac686a178055394f9dfa2e461faba8b) Importer(815301076,1909f56bfc062723c751e8b465ee728b)
Start importing Assets/BigFurniturePack/Prefabs/Lights/torchere_3.prefab using Guid(bac686a178055394f9dfa2e461faba8b) Importer(815301076,1909f56bfc062723c751e8b465ee728b)  -> (artifact id: 'c5754a9c8963938be6c4fa1398462d36') in 0.014192 seconds
  Import took 0.016774 seconds .

========================================================================
Received Import Request.
  Time since last request: 0.000163 seconds.
  path: Assets/BigFurniturePack/Prefabs/Lights/torchere_2.prefab
  artifactKey: Guid(5ab7df4388e0265499e7e58faf1d6aed) Importer(815301076,1909f56bfc062723c751e8b465ee728b)
Start importing Assets/BigFurniturePack/Prefabs/Lights/torchere_2.prefab using Guid(5ab7df4388e0265499e7e58faf1d6aed) Importer(815301076,1909f56bfc062723c751e8b465ee728b)  -> (artifact id: 'a075733cfb454345f1f5ac69bd509dda') in 0.009178 seconds
  Import took 0.011562 seconds .

========================================================================
Received Import Request.
  Time since last request: 28.724141 seconds.
  path: Assets/BigFurniturePack/Prefabs/Sofas&Chairs
  artifactKey: Guid(2544591c357014b4986d8bab85b1ec6c) Importer(815301076,1909f56bfc062723c751e8b465ee728b)
Start importing Assets/BigFurniturePack/Prefabs/Sofas&Chairs using Guid(2544591c357014b4986d8bab85b1ec6c) Importer(815301076,1909f56bfc062723c751e8b465ee728b)  -> (artifact id: 'd1ca7a60f86e056cf8f56e131a9697e4') in 0.005913 seconds
  Import took 0.008403 seconds .

========================================================================
Received Import Request.
  Time since last request: 0.003221 seconds.
  path: Assets/BigFurniturePack/Prefabs/Sofas&Chairs
  artifactKey: Guid(2544591c357014b4986d8bab85b1ec6c) Importer(815301076,1909f56bfc062723c751e8b465ee728b)
Start importing Assets/BigFurniturePack/Prefabs/Sofas&Chairs using Guid(2544591c357014b4986d8bab85b1ec6c) Importer(815301076,1909f56bfc062723c751e8b465ee728b)  -> (artifact id: 'd1ca7a60f86e056cf8f56e131a9697e4') in 0.002118 seconds
  Import took 0.004638 seconds .

========================================================================
Received Import Request.
  Time since last request: 0.395517 seconds.
  path: Assets/BigFurniturePack/Prefabs/Sofas&Chairs/chair_1.prefab
  artifactKey: Guid(d2a377b97363a554a96a26b876de1213) Importer(815301076,1909f56bfc062723c751e8b465ee728b)
Start importing Assets/BigFurniturePack/Prefabs/Sofas&Chairs/chair_1.prefab using Guid(d2a377b97363a554a96a26b876de1213) Importer(815301076,1909f56bfc062723c751e8b465ee728b)  -> (artifact id: 'bfaf170eaea58d30520931f0beb9537d') in 0.015563 seconds
  Import took 0.019355 seconds .

========================================================================
Received Import Request.
  Time since last request: 0.000257 seconds.
  path: Assets/BigFurniturePack/Prefabs/Sofas&Chairs/sofa_3.prefab
  artifactKey: Guid(272a1dd3343458d45888ea8668d6e2ea) Importer(815301076,1909f56bfc062723c751e8b465ee728b)
Start importing Assets/BigFurniturePack/Prefabs/Sofas&Chairs/sofa_3.prefab using Guid(272a1dd3343458d45888ea8668d6e2ea) Importer(815301076,1909f56bfc062723c751e8b465ee728b)  -> (artifact id: '08c3fa4f03cdb3437086b925cdf70672') in 0.013167 seconds
  Import took 0.015888 seconds .

========================================================================
Received Import Request.
  Time since last request: 0.000242 seconds.
  path: Assets/BigFurniturePack/Prefabs/Sofas&Chairs/kitchen_chair_1.prefab
  artifactKey: Guid(01dfb375646cba84e9b92e2cedf7d149) Importer(815301076,1909f56bfc062723c751e8b465ee728b)
Start importing Assets/BigFurniturePack/Prefabs/Sofas&Chairs/kitchen_chair_1.prefab using Guid(01dfb375646cba84e9b92e2cedf7d149) Importer(815301076,1909f56bfc062723c751e8b465ee728b)  -> (artifact id: '7f5b26571c99c0e12add798c1251db64') in 0.012237 seconds
  Import took 0.014611 seconds .

========================================================================
Received Import Request.
  Time since last request: 0.000226 seconds.
  path: Assets/BigFurniturePack/Prefabs/Sofas&Chairs/sofa_2.prefab
  artifactKey: Guid(76f69c2044293fc40a066ff85ecb70df) Importer(815301076,1909f56bfc062723c751e8b465ee728b)
Start importing Assets/BigFurniturePack/Prefabs/Sofas&Chairs/sofa_2.prefab using Guid(76f69c2044293fc40a066ff85ecb70df) Importer(815301076,1909f56bfc062723c751e8b465ee728b)  -> (artifact id: '1f28ac93bbe5919fa6c5464089d56a1a') in 0.012053 seconds
  Import took 0.014671 seconds .

========================================================================
Received Import Request.
  Time since last request: 0.000206 seconds.
  path: Assets/BigFurniturePack/Prefabs/Sofas&Chairs/chair_4.prefab
  artifactKey: Guid(d534d0198c237a043a8e671f0bf2859e) Importer(815301076,1909f56bfc062723c751e8b465ee728b)
Start importing Assets/BigFurniturePack/Prefabs/Sofas&Chairs/chair_4.prefab using Guid(d534d0198c237a043a8e671f0bf2859e) Importer(815301076,1909f56bfc062723c751e8b465ee728b)  -> (artifact id: '4e1ea37a4a4008355d2ef157d6df9afd') in 0.015201 seconds
  Import took 0.017557 seconds .

========================================================================
Received Import Request.
  Time since last request: 0.000208 seconds.
  path: Assets/BigFurniturePack/Prefabs/Sofas&Chairs/pouf.prefab
  artifactKey: Guid(75c3709e2bf1e9843b30f0c81dbe6b11) Importer(815301076,1909f56bfc062723c751e8b465ee728b)
Start importing Assets/BigFurniturePack/Prefabs/Sofas&Chairs/pouf.prefab using Guid(75c3709e2bf1e9843b30f0c81dbe6b11) Importer(815301076,1909f56bfc062723c751e8b465ee728b)  -> (artifact id: 'df670c1ae9b5f91bd8fe6b474dc73339') in 0.012214 seconds
  Import took 0.014500 seconds .

========================================================================
Received Import Request.
  Time since last request: 0.000185 seconds.
  path: Assets/BigFurniturePack/Prefabs/Sofas&Chairs/corner_sofa.prefab
  artifactKey: Guid(3afc3ad1f4025944cb7622a67af41586) Importer(815301076,1909f56bfc062723c751e8b465ee728b)
Start importing Assets/BigFurniturePack/Prefabs/Sofas&Chairs/corner_sofa.prefab using Guid(3afc3ad1f4025944cb7622a67af41586) Importer(815301076,1909f56bfc062723c751e8b465ee728b)  -> (artifact id: '2c3bb25e9eae060f6758b274157d80ab') in 0.013077 seconds
  Import took 0.015617 seconds .

========================================================================
Received Import Request.
  Time since last request: 0.000152 seconds.
  path: Assets/BigFurniturePack/Prefabs/Sofas&Chairs/sofa_4.prefab
  artifactKey: Guid(8cef4c90a64b6564ca61184c68b8d442) Importer(815301076,1909f56bfc062723c751e8b465ee728b)
Start importing Assets/BigFurniturePack/Prefabs/Sofas&Chairs/sofa_4.prefab using Guid(8cef4c90a64b6564ca61184c68b8d442) Importer(815301076,1909f56bfc062723c751e8b465ee728b)  -> (artifact id: 'df9989c720cf12284a5bc35cd711ee1f') in 0.012870 seconds
  Import took 0.015102 seconds .

========================================================================
Received Import Request.
  Time since last request: 0.000143 seconds.
  path: Assets/BigFurniturePack/Prefabs/Sofas&Chairs/kitchen_chair_2.prefab
  artifactKey: Guid(410463ba8bd9a484cb3ab355dc962d1d) Importer(815301076,1909f56bfc062723c751e8b465ee728b)
Start importing Assets/BigFurniturePack/Prefabs/Sofas&Chairs/kitchen_chair_2.prefab using Guid(410463ba8bd9a484cb3ab355dc962d1d) Importer(815301076,1909f56bfc062723c751e8b465ee728b)  -> (artifact id: '6c8301db40c39ceaf1cafbf547eec661') in 0.012149 seconds
  Import took 0.014322 seconds .

========================================================================
Received Import Request.
  Time since last request: 0.000148 seconds.
  path: Assets/BigFurniturePack/Prefabs/Sofas&Chairs/chair_2.prefab
  artifactKey: Guid(2de9ad0fa697ed54db49ee8dcbe9d875) Importer(815301076,1909f56bfc062723c751e8b465ee728b)
Start importing Assets/BigFurniturePack/Prefabs/Sofas&Chairs/chair_2.prefab using Guid(2de9ad0fa697ed54db49ee8dcbe9d875) Importer(815301076,1909f56bfc062723c751e8b465ee728b)  -> (artifact id: '5389a1333caf6182cec5d31be9676737') in 0.012207 seconds
  Import took 0.014557 seconds .

========================================================================
Received Import Request.
  Time since last request: 0.000151 seconds.
  path: Assets/BigFurniturePack/Prefabs/Sofas&Chairs/sofa_1.prefab
  artifactKey: Guid(b75a9f5bde480c848a601653b942291a) Importer(815301076,1909f56bfc062723c751e8b465ee728b)
Start importing Assets/BigFurniturePack/Prefabs/Sofas&Chairs/sofa_1.prefab using Guid(b75a9f5bde480c848a601653b942291a) Importer(815301076,1909f56bfc062723c751e8b465ee728b)  -> (artifact id: '73a257a2c0e259f08718724045cd6a42') in 0.012998 seconds
  Import took 0.015286 seconds .

========================================================================
Received Import Request.
  Time since last request: 0.000161 seconds.
  path: Assets/BigFurniturePack/Prefabs/Sofas&Chairs/chair_3.prefab
  artifactKey: Guid(71384cbc628fa864eb38a3ce9020699c) Importer(815301076,1909f56bfc062723c751e8b465ee728b)
Start importing Assets/BigFurniturePack/Prefabs/Sofas&Chairs/chair_3.prefab using Guid(71384cbc628fa864eb38a3ce9020699c) Importer(815301076,1909f56bfc062723c751e8b465ee728b)  -> (artifact id: 'e7057fa50776e4681c65f00751ddefeb') in 0.011598 seconds
  Import took 0.013963 seconds .

========================================================================
Received Import Request.
  Time since last request: 32.438290 seconds.
  path: Assets/BigFurniturePack/Models/bed_1.FBX
  artifactKey: Guid(a66f756b6810535438053fc6a961a201) Importer(815301076,1909f56bfc062723c751e8b465ee728b)
Start importing Assets/BigFurniturePack/Models/bed_1.FBX using Guid(a66f756b6810535438053fc6a961a201) Importer(815301076,1909f56bfc062723c751e8b465ee728b)  -> (artifact id: '99453a6e3a6deb41f9805cbbcb6c3704') in 0.104872 seconds
  Import took 0.107512 seconds .

========================================================================
Received Import Request.
  Time since last request: 0.000223 seconds.
  path: Assets/BigFurniturePack/Models/cabinet_3.FBX
  artifactKey: Guid(e625800ca6c186b46bf906733b1ed7b7) Importer(815301076,1909f56bfc062723c751e8b465ee728b)
Start importing Assets/BigFurniturePack/Models/cabinet_3.FBX using Guid(e625800ca6c186b46bf906733b1ed7b7) Importer(815301076,1909f56bfc062723c751e8b465ee728b)  -> (artifact id: 'a2af4021e8f736d85b3223054f02d419') in 0.038512 seconds
  Import took 0.040828 seconds .

========================================================================
Received Import Request.
  Time since last request: 0.000201 seconds.
  path: Assets/BigFurniturePack/Models/chair_3.FBX
  artifactKey: Guid(96677e1b867387e4bb7924c004052745) Importer(815301076,1909f56bfc062723c751e8b465ee728b)
Start importing Assets/BigFurniturePack/Models/chair_3.FBX using Guid(96677e1b867387e4bb7924c004052745) Importer(815301076,1909f56bfc062723c751e8b465ee728b)  -> (artifact id: 'aafe89760ca80169161135d7b47be7c8') in 0.037795 seconds
  Import took 0.040018 seconds .

========================================================================
Received Import Request.
  Time since last request: 0.000228 seconds.
  path: Assets/BigFurniturePack/Models/modular_kitchen_table_1.FBX
  artifactKey: Guid(96c37495b1e4bc24db136dfffb14b0ef) Importer(815301076,1909f56bfc062723c751e8b465ee728b)
Start importing Assets/BigFurniturePack/Models/modular_kitchen_table_1.FBX using Guid(96c37495b1e4bc24db136dfffb14b0ef) Importer(815301076,1909f56bfc062723c751e8b465ee728b)  -> (artifact id: 'd2891108cbb8cfed1ba87b646ac3c18e') in 0.043789 seconds
  Import took 0.046305 seconds .

========================================================================
Received Import Request.
  Time since last request: 0.000227 seconds.
  path: Assets/BigFurniturePack/Models/mirror_4.FBX
  artifactKey: Guid(235d4aa4b3c45544293f97602638feaa) Importer(815301076,1909f56bfc062723c751e8b465ee728b)
Start importing Assets/BigFurniturePack/Models/mirror_4.FBX using Guid(235d4aa4b3c45544293f97602638feaa) Importer(815301076,1909f56bfc062723c751e8b465ee728b)  -> (artifact id: 'ca9a9c574d5909b6904e71c142796864') in 0.023367 seconds
  Import took 0.025743 seconds .

========================================================================
Received Import Request.
  Time since last request: 0.000192 seconds.
  path: Assets/BigFurniturePack/Models/chair_2.FBX
  artifactKey: Guid(09ab09c4c72d1bc42b19fdae40567808) Importer(815301076,1909f56bfc062723c751e8b465ee728b)
Start importing Assets/BigFurniturePack/Models/chair_2.FBX using Guid(09ab09c4c72d1bc42b19fdae40567808) Importer(815301076,1909f56bfc062723c751e8b465ee728b)  -> (artifact id: '0bbaa1a785fefa6b106bd1f80ddf9eea') in 0.030964 seconds
  Import took 0.033268 seconds .

========================================================================
Received Import Request.
  Time since last request: 0.000154 seconds.
  path: Assets/BigFurniturePack/Models/pouf.FBX
  artifactKey: Guid(844581dbb36fdd242bcdb9cb96aab616) Importer(815301076,1909f56bfc062723c751e8b465ee728b)
Start importing Assets/BigFurniturePack/Models/pouf.FBX using Guid(844581dbb36fdd242bcdb9cb96aab616) Importer(815301076,1909f56bfc062723c751e8b465ee728b)  -> (artifact id: 'dfbe474cb3c5af5019d0d647ae97ce54') in 0.023141 seconds
  Import took 0.025415 seconds .

========================================================================
Received Import Request.
  Time since last request: 0.000174 seconds.
  path: Assets/BigFurniturePack/Models/drying_with_towel.FBX
  artifactKey: Guid(8840620f7a7d1394f83c08d238fd9e10) Importer(815301076,1909f56bfc062723c751e8b465ee728b)
Start importing Assets/BigFurniturePack/Models/drying_with_towel.FBX using Guid(8840620f7a7d1394f83c08d238fd9e10) Importer(815301076,1909f56bfc062723c751e8b465ee728b)  -> (artifact id: '92001c91e815fd30d58ad251064bd2be') in 0.025406 seconds
  Import took 0.027655 seconds .

========================================================================
Received Import Request.
  Time since last request: 0.000197 seconds.
  path: Assets/BigFurniturePack/Models/rack_5.FBX
  artifactKey: Guid(fb246b0516d4e7f43b2e77d5ab04ab7f) Importer(815301076,1909f56bfc062723c751e8b465ee728b)
Start importing Assets/BigFurniturePack/Models/rack_5.FBX using Guid(fb246b0516d4e7f43b2e77d5ab04ab7f) Importer(815301076,1909f56bfc062723c751e8b465ee728b)  -> (artifact id: '795a179ddd07203b15c37d222f3be3e0') in 0.017140 seconds
  Import took 0.019494 seconds .

========================================================================
Received Import Request.
  Time since last request: 0.000172 seconds.
  path: Assets/BigFurniturePack/Models/modular_kitchen_table_2.FBX
  artifactKey: Guid(0e0146a28c9ff004db1a9e81b928b4a9) Importer(815301076,1909f56bfc062723c751e8b465ee728b)
Start importing Assets/BigFurniturePack/Models/modular_kitchen_table_2.FBX using Guid(0e0146a28c9ff004db1a9e81b928b4a9) Importer(815301076,1909f56bfc062723c751e8b465ee728b)  -> (artifact id: 'cfacff30ba54f409404866e9f165864d') in 0.050391 seconds
  Import took 0.053062 seconds .

========================================================================
Received Import Request.
  Time since last request: 0.000163 seconds.
  path: Assets/BigFurniturePack/Models/kitchen_shelf_2.FBX
  artifactKey: Guid(708905db3fc5ad84993c9651cd501104) Importer(815301076,1909f56bfc062723c751e8b465ee728b)
Start importing Assets/BigFurniturePack/Models/kitchen_shelf_2.FBX using Guid(708905db3fc5ad84993c9651cd501104) Importer(815301076,1909f56bfc062723c751e8b465ee728b)  -> (artifact id: '4edde2b62af1e9c2bfa27054c8ade404') in 0.030060 seconds
  Import took 0.032560 seconds .

========================================================================
Received Import Request.
  Time since last request: 0.000145 seconds.
  path: Assets/BigFurniturePack/Models/table_2.FBX
  artifactKey: Guid(406a820c0a319d444a69a40d56b8be03) Importer(815301076,1909f56bfc062723c751e8b465ee728b)
Start importing Assets/BigFurniturePack/Models/table_2.FBX using Guid(406a820c0a319d444a69a40d56b8be03) Importer(815301076,1909f56bfc062723c751e8b465ee728b)  -> (artifact id: '259131e9c01dab495234d9ffe84ebfd2') in 0.024168 seconds
  Import took 0.026436 seconds .

========================================================================
Received Import Request.
  Time since last request: 0.000150 seconds.
  path: Assets/BigFurniturePack/Models/coffee_table_2.FBX
  artifactKey: Guid(4dc45c21ff53cad4e9605d32a38a5b3f) Importer(815301076,1909f56bfc062723c751e8b465ee728b)
Start importing Assets/BigFurniturePack/Models/coffee_table_2.FBX using Guid(4dc45c21ff53cad4e9605d32a38a5b3f) Importer(815301076,1909f56bfc062723c751e8b465ee728b)  -> (artifact id: 'bb2578cde253a7dc55eddeec1293cd81') in 0.014166 seconds
  Import took 0.016435 seconds .

========================================================================
Received Import Request.
  Time since last request: 0.000158 seconds.
  path: Assets/BigFurniturePack/Models/sofa_2.FBX
  artifactKey: Guid(4be90c5d9ce40a648bb37474c93d9c02) Importer(815301076,1909f56bfc062723c751e8b465ee728b)
Start importing Assets/BigFurniturePack/Models/sofa_2.FBX using Guid(4be90c5d9ce40a648bb37474c93d9c02) Importer(815301076,1909f56bfc062723c751e8b465ee728b)  -> (artifact id: '69e6b04ec1e8e48036d858b1a3c7462d') in 0.063597 seconds
  Import took 0.065941 seconds .

========================================================================
Received Import Request.
  Time since last request: 0.000175 seconds.
  path: Assets/BigFurniturePack/Models/sofa_3.FBX
  artifactKey: Guid(dd1e49b0a3e0dd449a7cb028f0aae903) Importer(815301076,1909f56bfc062723c751e8b465ee728b)
Start importing Assets/BigFurniturePack/Models/sofa_3.FBX using Guid(dd1e49b0a3e0dd449a7cb028f0aae903) Importer(815301076,1909f56bfc062723c751e8b465ee728b)  -> (artifact id: '7dd08980a526b3853a467458eb65ead7') in 0.066220 seconds
  Import took 0.068685 seconds .

========================================================================
Received Import Request.
  Time since last request: 0.000186 seconds.
  path: Assets/BigFurniturePack/Models/rack_2.FBX
  artifactKey: Guid(02153186d1a6199489fb363fb89e5cc0) Importer(815301076,1909f56bfc062723c751e8b465ee728b)
Start importing Assets/BigFurniturePack/Models/rack_2.FBX using Guid(02153186d1a6199489fb363fb89e5cc0) Importer(815301076,1909f56bfc062723c751e8b465ee728b)  -> (artifact id: '8aee9356a9b3c64ba6f524e525e32ff0') in 0.015286 seconds
  Import took 0.017779 seconds .

========================================================================
Received Import Request.
  Time since last request: 0.000162 seconds.
  path: Assets/BigFurniturePack/Models/sofa_4.FBX
  artifactKey: Guid(9093dcf6b487b4445b317d8469e66af8) Importer(815301076,1909f56bfc062723c751e8b465ee728b)
Start importing Assets/BigFurniturePack/Models/sofa_4.FBX using Guid(9093dcf6b487b4445b317d8469e66af8) Importer(815301076,1909f56bfc062723c751e8b465ee728b)  -> (artifact id: '00828bdc843a0009d57377bb0ed75ec3') in 0.078236 seconds
  Import took 0.080583 seconds .

========================================================================
Received Import Request.
  Time since last request: 0.000227 seconds.
  path: Assets/BigFurniturePack/Models/modular_kitchen_table_4.FBX
  artifactKey: Guid(55be81c6eb1f8504683a62670af18e4f) Importer(815301076,1909f56bfc062723c751e8b465ee728b)
Start importing Assets/BigFurniturePack/Models/modular_kitchen_table_4.FBX using Guid(55be81c6eb1f8504683a62670af18e4f) Importer(815301076,1909f56bfc062723c751e8b465ee728b)  -> (artifact id: 'd27be2e8eae9b671683f2424b5cf6f67') in 0.073170 seconds
  Import took 0.075522 seconds .

========================================================================
Received Import Request.
  Time since last request: 0.000166 seconds.
  path: Assets/BigFurniturePack/Models/modular_kitchen_table_4_INV.FBX
  artifactKey: Guid(e0ad2445b80d32344a8a06323161c05d) Importer(815301076,1909f56bfc062723c751e8b465ee728b)
Start importing Assets/BigFurniturePack/Models/modular_kitchen_table_4_INV.FBX using Guid(e0ad2445b80d32344a8a06323161c05d) Importer(815301076,1909f56bfc062723c751e8b465ee728b)  -> (artifact id: 'e50943aa04c0b6188a06710f66ad2f63') in 0.070720 seconds
  Import took 0.072926 seconds .

========================================================================
Received Import Request.
  Time since last request: 0.000206 seconds.
  path: Assets/BigFurniturePack/Models/bed_2.FBX
  artifactKey: Guid(15427fb62be34b141aacac4503ec8e37) Importer(815301076,1909f56bfc062723c751e8b465ee728b)
Start importing Assets/BigFurniturePack/Models/bed_2.FBX using Guid(15427fb62be34b141aacac4503ec8e37) Importer(815301076,1909f56bfc062723c751e8b465ee728b)  -> (artifact id: '1505489a35e4b7fbd601b05ef7c25520') in 0.064009 seconds
  Import took 0.066147 seconds .

========================================================================
Received Import Request.
  Time since last request: 0.000246 seconds.
  path: Assets/BigFurniturePack/Models/cabinet_1.FBX
  artifactKey: Guid(581f5b9b32333544dbe7767c89b4f02a) Importer(815301076,1909f56bfc062723c751e8b465ee728b)
Start importing Assets/BigFurniturePack/Models/cabinet_1.FBX using Guid(581f5b9b32333544dbe7767c89b4f02a) Importer(815301076,1909f56bfc062723c751e8b465ee728b)  -> (artifact id: 'a9c584958dca4bf928da82e60a34dd5f') in 0.047780 seconds
  Import took 0.049955 seconds .

========================================================================
Received Import Request.
  Time since last request: 0.000206 seconds.
  path: Assets/BigFurniturePack/Models/modular_kitchen_table_3.FBX
  artifactKey: Guid(9728e56d83cdc8a48b1fcd322bbbc99b) Importer(815301076,1909f56bfc062723c751e8b465ee728b)
Start importing Assets/BigFurniturePack/Models/modular_kitchen_table_3.FBX using Guid(9728e56d83cdc8a48b1fcd322bbbc99b) Importer(815301076,1909f56bfc062723c751e8b465ee728b)  -> (artifact id: '98710d769ad841a11802f7c277656984') in 0.043924 seconds
  Import took 0.046131 seconds .

========================================================================
Received Import Request.
  Time since last request: 0.000170 seconds.
  path: Assets/BigFurniturePack/Models/corner_sofa.FBX
  artifactKey: Guid(6b9bc052bb2fcf447862462e34741ab2) Importer(815301076,1909f56bfc062723c751e8b465ee728b)
Start importing Assets/BigFurniturePack/Models/corner_sofa.FBX using Guid(6b9bc052bb2fcf447862462e34741ab2) Importer(815301076,1909f56bfc062723c751e8b465ee728b)  -> (artifact id: '30e37b59c5b029a617eb9addb7425ee8') in 0.089212 seconds
  Import took 0.091506 seconds .

========================================================================
Received Import Request.
  Time since last request: 0.000179 seconds.
  path: Assets/BigFurniturePack/Models/kitchen_shelf_3.FBX
  artifactKey: Guid(3f05170cab001044eb4dd4fa37028185) Importer(815301076,1909f56bfc062723c751e8b465ee728b)
Start importing Assets/BigFurniturePack/Models/kitchen_shelf_3.FBX using Guid(3f05170cab001044eb4dd4fa37028185) Importer(815301076,1909f56bfc062723c751e8b465ee728b)  -> (artifact id: 'a0ce91bfa97702c65d18460e2b1d9bf6') in 0.032134 seconds
  Import took 0.034422 seconds .

========================================================================
Received Import Request.
  Time since last request: 0.000192 seconds.
  path: Assets/BigFurniturePack/Models/kitchen_shelf_corner_INV.FBX
  artifactKey: Guid(1585cbd1e4512a245b1657178702397d) Importer(815301076,1909f56bfc062723c751e8b465ee728b)
Start importing Assets/BigFurniturePack/Models/kitchen_shelf_corner_INV.FBX using Guid(1585cbd1e4512a245b1657178702397d) Importer(815301076,1909f56bfc062723c751e8b465ee728b)  -> (artifact id: '65de0c65fffcf57e837bfb1d58dfbd65') in 0.030621 seconds
  Import took 0.032982 seconds .

========================================================================
Received Import Request.
  Time since last request: 0.000177 seconds.
  path: Assets/BigFurniturePack/Models/kitchen_shelf_corner.FBX
  artifactKey: Guid(661cb1c9ddb722043a13fb3fcfe0ebc2) Importer(815301076,1909f56bfc062723c751e8b465ee728b)
Start importing Assets/BigFurniturePack/Models/kitchen_shelf_corner.FBX using Guid(661cb1c9ddb722043a13fb3fcfe0ebc2) Importer(815301076,1909f56bfc062723c751e8b465ee728b)  -> (artifact id: 'b897ba43b6840df1e3a2394bb33c396a') in 0.030639 seconds
  Import took 0.032953 seconds .

========================================================================
Received Import Request.
  Time since last request: 0.000151 seconds.
  path: Assets/BigFurniturePack/Models/table_1.FBX
  artifactKey: Guid(e1978285e2f37954d90e9a40b85e6ce0) Importer(815301076,1909f56bfc062723c751e8b465ee728b)
Start importing Assets/BigFurniturePack/Models/table_1.FBX using Guid(e1978285e2f37954d90e9a40b85e6ce0) Importer(815301076,1909f56bfc062723c751e8b465ee728b)  -> (artifact id: '2e40bafa3337f055b840ac2db163527e') in 0.024917 seconds
  Import took 0.027155 seconds .

========================================================================
Received Import Request.
  Time since last request: 0.000204 seconds.
  path: Assets/BigFurniturePack/Models/rack_4.FBX
  artifactKey: Guid(db2ded63075b6cd41aaa7d8a85da232d) Importer(815301076,1909f56bfc062723c751e8b465ee728b)
Start importing Assets/BigFurniturePack/Models/rack_4.FBX using Guid(db2ded63075b6cd41aaa7d8a85da232d) Importer(815301076,1909f56bfc062723c751e8b465ee728b)  -> (artifact id: '0ba91227d598072dde954af741ce42ca') in 0.015290 seconds
  Import took 0.017608 seconds .

========================================================================
Received Import Request.
  Time since last request: 0.000172 seconds.
  path: Assets/BigFurniturePack/Models/coffee_table_1.FBX
  artifactKey: Guid(7cd4ce41d004a7c4f9fda3a3ae2e9bf3) Importer(815301076,1909f56bfc062723c751e8b465ee728b)
Start importing Assets/BigFurniturePack/Models/coffee_table_1.FBX using Guid(7cd4ce41d004a7c4f9fda3a3ae2e9bf3) Importer(815301076,1909f56bfc062723c751e8b465ee728b)  -> (artifact id: '20b60c7520f9530bdc02b039fa79b74a') in 0.025956 seconds
  Import took 0.028254 seconds .

========================================================================
Received Import Request.
  Time since last request: 0.000177 seconds.
  path: Assets/BigFurniturePack/Models/rack_3.FBX
  artifactKey: Guid(27df19f247bebd344813479f564c4ef6) Importer(815301076,1909f56bfc062723c751e8b465ee728b)
Start importing Assets/BigFurniturePack/Models/rack_3.FBX using Guid(27df19f247bebd344813479f564c4ef6) Importer(815301076,1909f56bfc062723c751e8b465ee728b)  -> (artifact id: '84352183715488b9f2fdfc99381fd31a') in 0.015127 seconds
  Import took 0.017653 seconds .

========================================================================
Received Import Request.
  Time since last request: 0.000199 seconds.
  path: Assets/BigFurniturePack/Models/kitchen_shelf_1.FBX
  artifactKey: Guid(4529ae99f5841454fbf19e4790d72ff2) Importer(815301076,1909f56bfc062723c751e8b465ee728b)
Start importing Assets/BigFurniturePack/Models/kitchen_shelf_1.FBX using Guid(4529ae99f5841454fbf19e4790d72ff2) Importer(815301076,1909f56bfc062723c751e8b465ee728b)  -> (artifact id: '2e21cf2b27674eb3637f1a8b65fc8dd3') in 0.047003 seconds
  Import took 0.049481 seconds .

========================================================================
Received Import Request.
  Time since last request: 0.000173 seconds.
  path: Assets/BigFurniturePack/Models/toilet.FBX
  artifactKey: Guid(ea90797f5a8073e4cbc72f859e3782b8) Importer(815301076,1909f56bfc062723c751e8b465ee728b)
Start importing Assets/BigFurniturePack/Models/toilet.FBX using Guid(ea90797f5a8073e4cbc72f859e3782b8) Importer(815301076,1909f56bfc062723c751e8b465ee728b)  -> (artifact id: '65e0895c83019b55c054a7cfa6d4d8b8') in 0.030077 seconds
  Import took 0.032885 seconds .

========================================================================
Received Import Request.
  Time since last request: 0.000157 seconds.
  path: Assets/BigFurniturePack/Models/kitchen_table_1.FBX
  artifactKey: Guid(d52b48341389f7146849499fed53440d) Importer(815301076,1909f56bfc062723c751e8b465ee728b)
Start importing Assets/BigFurniturePack/Models/kitchen_table_1.FBX using Guid(d52b48341389f7146849499fed53440d) Importer(815301076,1909f56bfc062723c751e8b465ee728b)  -> (artifact id: 'a07fc213dbc1e7a0e4f171ad1d308a1a') in 0.025496 seconds
  Import took 0.028034 seconds .

========================================================================
Received Import Request.
  Time since last request: 0.000164 seconds.
  path: Assets/BigFurniturePack/Models/torchere_1.FBX
  artifactKey: Guid(f53ba428acbc8c240b51c227ff0304b6) Importer(815301076,1909f56bfc062723c751e8b465ee728b)
Start importing Assets/BigFurniturePack/Models/torchere_1.FBX using Guid(f53ba428acbc8c240b51c227ff0304b6) Importer(815301076,1909f56bfc062723c751e8b465ee728b)  -> (artifact id: 'bb08b1c81e85bad66fff649013ce6f3a') in 0.024751 seconds
  Import took 0.027062 seconds .

========================================================================
Received Import Request.
  Time since last request: 0.000169 seconds.
  path: Assets/BigFurniturePack/Models/coffee_table_4.FBX
  artifactKey: Guid(1b493fd098374a247ad9d467563cb973) Importer(815301076,1909f56bfc062723c751e8b465ee728b)
Start importing Assets/BigFurniturePack/Models/coffee_table_4.FBX using Guid(1b493fd098374a247ad9d467563cb973) Importer(815301076,1909f56bfc062723c751e8b465ee728b)  -> (artifact id: 'be2530ea96a3595899be7cb5a0808496') in 0.014925 seconds
  Import took 0.017201 seconds .

========================================================================
Received Import Request.
  Time since last request: 0.000167 seconds.
  path: Assets/BigFurniturePack/Models/mirror_1.FBX
  artifactKey: Guid(dcf4ae358cefeb94c9ef2a590c7653f3) Importer(815301076,1909f56bfc062723c751e8b465ee728b)
Start importing Assets/BigFurniturePack/Models/mirror_1.FBX using Guid(dcf4ae358cefeb94c9ef2a590c7653f3) Importer(815301076,1909f56bfc062723c751e8b465ee728b)  -> (artifact id: '92cff3f21f09cde3e12167e284811178') in 0.024098 seconds
  Import took 0.026553 seconds .

========================================================================
Received Import Request.
  Time since last request: 0.000151 seconds.
  path: Assets/BigFurniturePack/Models/mirror_2.FBX
  artifactKey: Guid(994ddde667ef84d4caf23f50b4b1d715) Importer(815301076,1909f56bfc062723c751e8b465ee728b)
Start importing Assets/BigFurniturePack/Models/mirror_2.FBX using Guid(994ddde667ef84d4caf23f50b4b1d715) Importer(815301076,1909f56bfc062723c751e8b465ee728b)  -> (artifact id: '13ab8b6f4206e5d009c110ca66b1cf2e') in 0.022952 seconds
  Import took 0.025290 seconds .

========================================================================
Received Import Request.
  Time since last request: 0.000157 seconds.
  path: Assets/BigFurniturePack/Models/brush.FBX
  artifactKey: Guid(f6d2bef1bd916964595eabb8b09a0e98) Importer(815301076,1909f56bfc062723c751e8b465ee728b)
Start importing Assets/BigFurniturePack/Models/brush.FBX using Guid(f6d2bef1bd916964595eabb8b09a0e98) Importer(815301076,1909f56bfc062723c751e8b465ee728b)  -> (artifact id: '174a9300c1b771115f89f2ef313c9b69') in 0.031408 seconds
  Import took 0.033622 seconds .

========================================================================
Received Import Request.
  Time since last request: 0.000152 seconds.
  path: Assets/BigFurniturePack/Models/chair_4.FBX
  artifactKey: Guid(0cd7a7c221fea2f449a3fe6027a20675) Importer(815301076,1909f56bfc062723c751e8b465ee728b)
Start importing Assets/BigFurniturePack/Models/chair_4.FBX using Guid(0cd7a7c221fea2f449a3fe6027a20675) Importer(815301076,1909f56bfc062723c751e8b465ee728b)  -> (artifact id: 'ca1de673ca81df98b4984b83b9ac0c5a') in 0.051198 seconds
  Import took 0.053621 seconds .

========================================================================
Received Import Request.
  Time since last request: 0.000149 seconds.
  path: Assets/BigFurniturePack/Models/plate.FBX
  artifactKey: Guid(c790654032b636346b57fc885244fd9c) Importer(815301076,1909f56bfc062723c751e8b465ee728b)
Start importing Assets/BigFurniturePack/Models/plate.FBX using Guid(c790654032b636346b57fc885244fd9c) Importer(815301076,1909f56bfc062723c751e8b465ee728b)  -> (artifact id: '9f1094195630a393ca9972bc2910f6ae') in 0.014910 seconds
  Import took 0.017079 seconds .

========================================================================
Received Import Request.
  Time since last request: 0.000180 seconds.
  path: Assets/BigFurniturePack/Models/rack_1.FBX
  artifactKey: Guid(821da9cb1c989dd489ae524930f6bb0f) Importer(815301076,1909f56bfc062723c751e8b465ee728b)
Start importing Assets/BigFurniturePack/Models/rack_1.FBX using Guid(821da9cb1c989dd489ae524930f6bb0f) Importer(815301076,1909f56bfc062723c751e8b465ee728b)  -> (artifact id: '06e63fe5afbbb05be28b2f0141e0ed8b') in 0.014077 seconds
  Import took 0.016742 seconds .

========================================================================
Received Import Request.
  Time since last request: 0.000159 seconds.
  path: Assets/BigFurniturePack/Models/bed_3.FBX
  artifactKey: Guid(133c508540525d34f864dc543e153a4f) Importer(815301076,1909f56bfc062723c751e8b465ee728b)
Start importing Assets/BigFurniturePack/Models/bed_3.FBX using Guid(133c508540525d34f864dc543e153a4f) Importer(815301076,1909f56bfc062723c751e8b465ee728b)  -> (artifact id: '6ab5ffee79ee0374be54f6b1460aa5d8') in 0.038606 seconds
  Import took 0.041026 seconds .

========================================================================
Received Import Request.
  Time since last request: 0.000173 seconds.
  path: Assets/BigFurniturePack/Models/kitchen_chair_1.FBX
  artifactKey: Guid(aab68a45c7d5bcb428bbbfbda224b2cb) Importer(815301076,1909f56bfc062723c751e8b465ee728b)
Start importing Assets/BigFurniturePack/Models/kitchen_chair_1.FBX using Guid(aab68a45c7d5bcb428bbbfbda224b2cb) Importer(815301076,1909f56bfc062723c751e8b465ee728b)  -> (artifact id: '39ffa6c96282fb390a14906cf3b02acb') in 0.022322 seconds
  Import took 0.024713 seconds .

========================================================================
Received Import Request.
  Time since last request: 0.000162 seconds.
  path: Assets/BigFurniturePack/Models/sofa_1.FBX
  artifactKey: Guid(b071b1fb63a0b2446ad813578ad174cb) Importer(815301076,1909f56bfc062723c751e8b465ee728b)
Start importing Assets/BigFurniturePack/Models/sofa_1.FBX using Guid(b071b1fb63a0b2446ad813578ad174cb) Importer(815301076,1909f56bfc062723c751e8b465ee728b)  -> (artifact id: '37e2284b801fe9161392228812935f08') in 0.051825 seconds
  Import took 0.054252 seconds .

========================================================================
Received Import Request.
  Time since last request: 0.000165 seconds.
  path: Assets/BigFurniturePack/Models/cabinet_2.FBX
  artifactKey: Guid(821d897858fdee444811c1ee3d5ba830) Importer(815301076,1909f56bfc062723c751e8b465ee728b)
Start importing Assets/BigFurniturePack/Models/cabinet_2.FBX using Guid(821d897858fdee444811c1ee3d5ba830) Importer(815301076,1909f56bfc062723c751e8b465ee728b)  -> (artifact id: '0a07f6adc71c73b6dcd738f3547ecbcd') in 0.036242 seconds
  Import took 0.038768 seconds .

========================================================================
Received Import Request.
  Time since last request: 0.000195 seconds.
  path: Assets/BigFurniturePack/Models/kitchen_chair_2.FBX
  artifactKey: Guid(d0f986f95aaf0db4a90ebaf27e21d7a6) Importer(815301076,1909f56bfc062723c751e8b465ee728b)
Start importing Assets/BigFurniturePack/Models/kitchen_chair_2.FBX using Guid(d0f986f95aaf0db4a90ebaf27e21d7a6) Importer(815301076,1909f56bfc062723c751e8b465ee728b)  -> (artifact id: 'd6bc1e7d73b6b7456da372b56da45b23') in 0.031916 seconds
  Import took 0.034358 seconds .

========================================================================
Received Import Request.
  Time since last request: 0.000147 seconds.
  path: Assets/BigFurniturePack/Models/mirror_3.FBX
  artifactKey: Guid(49f1cc263d845ea48aa7aa8ef246141b) Importer(815301076,1909f56bfc062723c751e8b465ee728b)
Start importing Assets/BigFurniturePack/Models/mirror_3.FBX using Guid(49f1cc263d845ea48aa7aa8ef246141b) Importer(815301076,1909f56bfc062723c751e8b465ee728b)  -> (artifact id: 'd4bcae2846436756ab9b61fe485fdbaf') in 0.022524 seconds
  Import took 0.024801 seconds .

========================================================================
Received Import Request.
  Time since last request: 0.000167 seconds.
  path: Assets/BigFurniturePack/Models/chair_1.FBX
  artifactKey: Guid(86acd830387febe47935c6d30bc6fdab) Importer(815301076,1909f56bfc062723c751e8b465ee728b)
Start importing Assets/BigFurniturePack/Models/chair_1.FBX using Guid(86acd830387febe47935c6d30bc6fdab) Importer(815301076,1909f56bfc062723c751e8b465ee728b)  -> (artifact id: '8ef2e7a332f9aca898b110426d02c0c6') in 0.032719 seconds
  Import took 0.035246 seconds .

========================================================================
Received Import Request.
  Time since last request: 0.000179 seconds.
  path: Assets/BigFurniturePack/Models/flasket.FBX
  artifactKey: Guid(1e9483dbe68479d4889166e292e99aee) Importer(815301076,1909f56bfc062723c751e8b465ee728b)
Start importing Assets/BigFurniturePack/Models/flasket.FBX using Guid(1e9483dbe68479d4889166e292e99aee) Importer(815301076,1909f56bfc062723c751e8b465ee728b)  -> (artifact id: '8e2aaf2f2f04d77ab496dee805b01256') in 0.013896 seconds
  Import took 0.016634 seconds .

========================================================================
Received Import Request.
  Time since last request: 0.000158 seconds.
  path: Assets/BigFurniturePack/Models/kitchen_table_2.FBX
  artifactKey: Guid(e0853bea36301e940b5337e376f64f85) Importer(815301076,1909f56bfc062723c751e8b465ee728b)
Start importing Assets/BigFurniturePack/Models/kitchen_table_2.FBX using Guid(e0853bea36301e940b5337e376f64f85) Importer(815301076,1909f56bfc062723c751e8b465ee728b)  -> (artifact id: '00235e6602aae80d804932d8f90cdaf8') in 0.023225 seconds
  Import took 0.025585 seconds .

========================================================================
Received Import Request.
  Time since last request: 0.000161 seconds.
  path: Assets/BigFurniturePack/Models/coffee_table_3.FBX
  artifactKey: Guid(d079baae1a2aaaf499bfc49bdd7536f5) Importer(815301076,1909f56bfc062723c751e8b465ee728b)
Start importing Assets/BigFurniturePack/Models/coffee_table_3.FBX using Guid(d079baae1a2aaaf499bfc49bdd7536f5) Importer(815301076,1909f56bfc062723c751e8b465ee728b)  -> (artifact id: '3f64b0575cd1541aec0102f932080905') in 0.041079 seconds
  Import took 0.043416 seconds .

========================================================================
Received Import Request.
  Time since last request: 0.000151 seconds.
  path: Assets/BigFurniturePack/Models/shower.FBX
  artifactKey: Guid(55b6504ee3e22e44f81ec10519df607d) Importer(815301076,1909f56bfc062723c751e8b465ee728b)
Start importing Assets/BigFurniturePack/Models/shower.FBX using Guid(55b6504ee3e22e44f81ec10519df607d) Importer(815301076,1909f56bfc062723c751e8b465ee728b)  -> (artifact id: 'af4975a1c8e057f51908c4f33614f0a7') in 0.057204 seconds
  Import took 0.059627 seconds .

========================================================================
Received Import Request.
  Time since last request: 3.018448 seconds.
  path: Assets/BigFurniturePack/Textures
  artifactKey: Guid(728412b74b8245e469ac2e1d105c1f8a) Importer(815301076,1909f56bfc062723c751e8b465ee728b)
Start importing Assets/BigFurniturePack/Textures using Guid(728412b74b8245e469ac2e1d105c1f8a) Importer(815301076,1909f56bfc062723c751e8b465ee728b)  -> (artifact id: '3b794c3d71b1abe8fec703e657af398d') in 0.005921 seconds
  Import took 0.008446 seconds .

========================================================================
Received Import Request.
  Time since last request: 0.003010 seconds.
  path: Assets/BigFurniturePack/Textures
  artifactKey: Guid(728412b74b8245e469ac2e1d105c1f8a) Importer(815301076,1909f56bfc062723c751e8b465ee728b)
Start importing Assets/BigFurniturePack/Textures using Guid(728412b74b8245e469ac2e1d105c1f8a) Importer(815301076,1909f56bfc062723c751e8b465ee728b)  -> (artifact id: '3b794c3d71b1abe8fec703e657af398d') in 0.002079 seconds
  Import took 0.004862 seconds .

========================================================================
Received Import Request.
  Time since last request: 0.157540 seconds.
  path: Assets/BigFurniturePack/Textures/cloth_1.jpg
  artifactKey: Guid(db4265b11df6af1438db306cd16c60ee) Importer(815301076,1909f56bfc062723c751e8b465ee728b)
Start importing Assets/BigFurniturePack/Textures/cloth_1.jpg using Guid(db4265b11df6af1438db306cd16c60ee) Importer(815301076,1909f56bfc062723c751e8b465ee728b)  -> (artifact id: '1919412ffce4b3d01f280331939da6eb') in 0.024060 seconds
  Import took 0.026569 seconds .

========================================================================
Received Import Request.
  Time since last request: 0.000187 seconds.
  path: Assets/BigFurniturePack/Textures/floor.jpg
  artifactKey: Guid(5b23a0b3534da9b44975ad134ad8033a) Importer(815301076,1909f56bfc062723c751e8b465ee728b)
Start importing Assets/BigFurniturePack/Textures/floor.jpg using Guid(5b23a0b3534da9b44975ad134ad8033a) Importer(815301076,1909f56bfc062723c751e8b465ee728b)  -> (artifact id: 'd4a348a9762aa0ae67ecb0257f21af2c') in 0.010090 seconds
  Import took 0.012447 seconds .

========================================================================
Received Import Request.
  Time since last request: 0.000180 seconds.
  path: Assets/BigFurniturePack/Textures/cloth_5.jpg
  artifactKey: Guid(b8daff8b7c3733a4c89e2dc3cbd49222) Importer(815301076,1909f56bfc062723c751e8b465ee728b)
Start importing Assets/BigFurniturePack/Textures/cloth_5.jpg using Guid(b8daff8b7c3733a4c89e2dc3cbd49222) Importer(815301076,1909f56bfc062723c751e8b465ee728b)  -> (artifact id: 'f736d15abd98ced1303518715c224cec') in 0.009560 seconds
  Import took 0.011994 seconds .

========================================================================
Received Import Request.
  Time since last request: 0.000185 seconds.
  path: Assets/BigFurniturePack/Textures/wood_3.JPG
  artifactKey: Guid(b85f57159dd296e40941510cbde61814) Importer(815301076,1909f56bfc062723c751e8b465ee728b)
Start importing Assets/BigFurniturePack/Textures/wood_3.JPG using Guid(b85f57159dd296e40941510cbde61814) Importer(815301076,1909f56bfc062723c751e8b465ee728b)  -> (artifact id: '8ce212b8f4bae80135312a86b4a36a6a') in 0.010759 seconds
  Import took 0.013678 seconds .

========================================================================
Received Import Request.
  Time since last request: 0.000194 seconds.
  path: Assets/BigFurniturePack/Textures/cloth_4.jpg
  artifactKey: Guid(8742cf5389ec13846ae404783db50532) Importer(815301076,1909f56bfc062723c751e8b465ee728b)
Start importing Assets/BigFurniturePack/Textures/cloth_4.jpg using Guid(8742cf5389ec13846ae404783db50532) Importer(815301076,1909f56bfc062723c751e8b465ee728b)  -> (artifact id: '754694dff85014c02488723e57701fa1') in 0.008832 seconds
  Import took 0.011177 seconds .

========================================================================
Received Import Request.
  Time since last request: 0.000184 seconds.
  path: Assets/BigFurniturePack/Textures/cloth_2.jpg
  artifactKey: Guid(06d346647450a0d4688aa76e20b03d78) Importer(815301076,1909f56bfc062723c751e8b465ee728b)
Start importing Assets/BigFurniturePack/Textures/cloth_2.jpg using Guid(06d346647450a0d4688aa76e20b03d78) Importer(815301076,1909f56bfc062723c751e8b465ee728b)  -> (artifact id: '9d4528703543828d5c962e5925453546') in 0.009293 seconds
  Import took 0.011575 seconds .

========================================================================
Received Import Request.
  Time since last request: 0.000196 seconds.
  path: Assets/BigFurniturePack/Textures/wood_2.jpg
  artifactKey: Guid(2d3f16073f817e74ca26282b96b3593b) Importer(815301076,1909f56bfc062723c751e8b465ee728b)
Start importing Assets/BigFurniturePack/Textures/wood_2.jpg using Guid(2d3f16073f817e74ca26282b96b3593b) Importer(815301076,1909f56bfc062723c751e8b465ee728b)  -> (artifact id: '4ccad18c8b853f1a7d547eabf82c8038') in 0.010143 seconds
  Import took 0.012415 seconds .

========================================================================
Received Import Request.
  Time since last request: 0.000165 seconds.
  path: Assets/BigFurniturePack/Textures/floor_nm.jpg
  artifactKey: Guid(e062115192ae44040b73f45112562490) Importer(815301076,1909f56bfc062723c751e8b465ee728b)
Start importing Assets/BigFurniturePack/Textures/floor_nm.jpg using Guid(e062115192ae44040b73f45112562490) Importer(815301076,1909f56bfc062723c751e8b465ee728b)  -> (artifact id: 'd1f03c9edc81e76f50941a0ee383e327') in 0.011163 seconds
  Import took 0.013397 seconds .

========================================================================
Received Import Request.
  Time since last request: 0.000171 seconds.
  path: Assets/BigFurniturePack/Textures/cloth_3.jpg
  artifactKey: Guid(4acc9fdd66048cb4e96d08ca021d5f41) Importer(815301076,1909f56bfc062723c751e8b465ee728b)
Start importing Assets/BigFurniturePack/Textures/cloth_3.jpg using Guid(4acc9fdd66048cb4e96d08ca021d5f41) Importer(815301076,1909f56bfc062723c751e8b465ee728b)  -> (artifact id: 'cf37a4d22062a94f71c302de514b1bfa') in 0.008928 seconds
  Import took 0.011310 seconds .

========================================================================
Received Import Request.
  Time since last request: 0.000177 seconds.
  path: Assets/BigFurniturePack/Textures/wood_1.jpg
  artifactKey: Guid(e985334e4a9d3ab448b77393b5c06265) Importer(815301076,1909f56bfc062723c751e8b465ee728b)
Start importing Assets/BigFurniturePack/Textures/wood_1.jpg using Guid(e985334e4a9d3ab448b77393b5c06265) Importer(815301076,1909f56bfc062723c751e8b465ee728b)  -> (artifact id: 'ad6f374f709d66642698d7cfec2bc2f9') in 0.012005 seconds
  Import took 0.014343 seconds .

========================================================================
Received Import Request.
  Time since last request: 43.545192 seconds.
  path: Assets/BigFurniturePack/Materials
  artifactKey: Guid(45ad41687e1d4714a8e32d4a49dcb6ca) Importer(815301076,1909f56bfc062723c751e8b465ee728b)
Start importing Assets/BigFurniturePack/Materials using Guid(45ad41687e1d4714a8e32d4a49dcb6ca) Importer(815301076,1909f56bfc062723c751e8b465ee728b)  -> (artifact id: '98bf1ebb9c4a62c4233fd34074e1574e') in 0.006176 seconds
  Import took 0.009134 seconds .

========================================================================
Received Import Request.
  Time since last request: 0.108079 seconds.
  path: Assets/BigFurniturePack/Materials/cloth_1.mat
  artifactKey: Guid(00cecc01456d2a24eb25a145adb80802) Importer(815301076,1909f56bfc062723c751e8b465ee728b)
Start importing Assets/BigFurniturePack/Materials/cloth_1.mat using Guid(00cecc01456d2a24eb25a145adb80802) Importer(815301076,1909f56bfc062723c751e8b465ee728b)  -> (artifact id: 'abd6b986e0835978ee252621e83ba0f3') in 0.024700 seconds
  Import took 0.027011 seconds .

========================================================================
Received Import Request.
  Time since last request: 0.000225 seconds.
  path: Assets/BigFurniturePack/Materials/wood_1.mat
  artifactKey: Guid(eb909dee3db52f34e88f29010e6b38b0) Importer(815301076,1909f56bfc062723c751e8b465ee728b)
Start importing Assets/BigFurniturePack/Materials/wood_1.mat using Guid(eb909dee3db52f34e88f29010e6b38b0) Importer(815301076,1909f56bfc062723c751e8b465ee728b)  -> (artifact id: '7ee4f25949ceaef86df0e765f7356d3d') in 0.010177 seconds
  Import took 0.012305 seconds .

========================================================================
Received Import Request.
  Time since last request: 0.000148 seconds.
  path: Assets/BigFurniturePack/Materials/wood_2.mat
  artifactKey: Guid(fcf0e3d6d08ef2940871310ad77f7a67) Importer(815301076,1909f56bfc062723c751e8b465ee728b)
Start importing Assets/BigFurniturePack/Materials/wood_2.mat using Guid(fcf0e3d6d08ef2940871310ad77f7a67) Importer(815301076,1909f56bfc062723c751e8b465ee728b)  -> (artifact id: '6a2445abace284dde94f8f7cb1bb811a') in 0.013475 seconds
  Import took 0.015641 seconds .

========================================================================
Received Import Request.
  Time since last request: 0.000239 seconds.
  path: Assets/BigFurniturePack/Materials/wood_3.mat
  artifactKey: Guid(1e437f794594f7b4cbe89f8a03812932) Importer(815301076,1909f56bfc062723c751e8b465ee728b)
Start importing Assets/BigFurniturePack/Materials/wood_3.mat using Guid(1e437f794594f7b4cbe89f8a03812932) Importer(815301076,1909f56bfc062723c751e8b465ee728b)  -> (artifact id: 'c2940101b1a4a333ee9af1a6df18845c') in 0.011494 seconds
  Import took 0.013581 seconds .

========================================================================
Received Import Request.
  Time since last request: 0.000220 seconds.
  path: Assets/BigFurniturePack/Materials/cloth_2.mat
  artifactKey: Guid(8c4db37842102e94fbe41399133cfd1f) Importer(815301076,1909f56bfc062723c751e8b465ee728b)
Start importing Assets/BigFurniturePack/Materials/cloth_2.mat using Guid(8c4db37842102e94fbe41399133cfd1f) Importer(815301076,1909f56bfc062723c751e8b465ee728b)  -> (artifact id: '09639c96e418804b808bd74590f6bf73') in 0.012467 seconds
  Import took 0.014569 seconds .

========================================================================
Received Import Request.
  Time since last request: 0.017343 seconds.
  path: Assets/BigFurniturePack/Materials/wood_2.mat
  artifactKey: Guid(fcf0e3d6d08ef2940871310ad77f7a67) Importer(815301076,1909f56bfc062723c751e8b465ee728b)
Start importing Assets/BigFurniturePack/Materials/wood_2.mat using Guid(fcf0e3d6d08ef2940871310ad77f7a67) Importer(815301076,1909f56bfc062723c751e8b465ee728b)  -> (artifact id: '6a2445abace284dde94f8f7cb1bb811a') in 0.011900 seconds
  Import took 0.014332 seconds .

========================================================================
Received Import Request.
  Time since last request: 297.904820 seconds.
  path: Assets/Scenes/Game/Scripts/photon_player.cs
  artifactKey: Guid(cd2da1900c6ff1144b1eb10e8ddccb9b) Importer(815301076,1909f56bfc062723c751e8b465ee728b)
Start importing Assets/Scenes/Game/Scripts/photon_player.cs using Guid(cd2da1900c6ff1144b1eb10e8ddccb9b) Importer(815301076,1909f56bfc062723c751e8b465ee728b)  -> (artifact id: '15c1f867277cc9a903334c6bf3042aae') in 0.022103 seconds
  Import took 0.024851 seconds .

========================================================================
Received Import Request.
  Time since last request: 0.001354 seconds.
  path: Assets/Scenes/Game/Scripts/photon_player.cs
  artifactKey: Guid(cd2da1900c6ff1144b1eb10e8ddccb9b) Importer(815301076,1909f56bfc062723c751e8b465ee728b)
Start importing Assets/Scenes/Game/Scripts/photon_player.cs using Guid(cd2da1900c6ff1144b1eb10e8ddccb9b) Importer(815301076,1909f56bfc062723c751e8b465ee728b)  -> (artifact id: '15c1f867277cc9a903334c6bf3042aae') in 0.002614 seconds
  Import took 0.005607 seconds .

========================================================================
Received Prepare
Registering precompiled user dll's ...
Registered in 0.004874 seconds.
Begin MonoManager ReloadAssembly
Native extension for WindowsStandalone target not found
Refreshing native plugins compatible for Editor in 0.32 ms, found 0 plugins.
Preloading 0 native plugins for Editor in 0.00 ms.
Invoked RoslynAnalysisRunner static constructor.
RoslynAnalysisRunner will not be running.
RoslynAnalysisRunner has terminated.
Mono: successfully reloaded assembly
- Completed reload, in  0.834 seconds
Platform modules already initialized, skipping
Refreshing native plugins compatible for Editor in 0.35 ms, found 0 plugins.
Preloading 0 native plugins for Editor in 0.00 ms.
Unloading 1367 Unused Serialized files (Serialized files now loaded: 0)
System memory in use before: 74.9 MB.
System memory in use after: 75.0 MB.

Unloading 12 unused Assets to reduce memory usage. Loaded Objects now: 1883.
Total: 1.877100 ms (FindLiveObjects: 0.167800 ms CreateObjectMapping: 0.054700 ms MarkObjects: 1.580400 ms  DeleteObjects: 0.073300 ms)

========================================================================
Received Import Request.
  Time since last request: 51.991092 seconds.
  path: Assets/Scenes/Game/Scripts/photon_player.cs
  artifactKey: Guid(cd2da1900c6ff1144b1eb10e8ddccb9b) Importer(815301076,1909f56bfc062723c751e8b465ee728b)
Start importing Assets/Scenes/Game/Scripts/photon_player.cs using Guid(cd2da1900c6ff1144b1eb10e8ddccb9b) Importer(815301076,1909f56bfc062723c751e8b465ee728b)  -> (artifact id: 'e5ff04367939ebc7ad89ff4f379167ce') in 0.007417 seconds
  Import took 0.009919 seconds .

========================================================================
Received Prepare
Registering precompiled user dll's ...
Registered in 0.002709 seconds.
Begin MonoManager ReloadAssembly
Native extension for WindowsStandalone target not found
Refreshing native plugins compatible for Editor in 0.34 ms, found 0 plugins.
Preloading 0 native plugins for Editor in 0.00 ms.
Invoked RoslynAnalysisRunner static constructor.
RoslynAnalysisRunner will not be running.
RoslynAnalysisRunner has terminated.
Mono: successfully reloaded assembly
- Completed reload, in  0.778 seconds
Platform modules already initialized, skipping
Refreshing native plugins compatible for Editor in 0.31 ms, found 0 plugins.
Preloading 0 native plugins for Editor in 0.00 ms.
Unloading 1366 Unused Serialized files (Serialized files now loaded: 0)
System memory in use before: 74.9 MB.
System memory in use after: 75.0 MB.

Unloading 11 unused Assets to reduce memory usage. Loaded Objects now: 1887.
Total: 1.724900 ms (FindLiveObjects: 0.170900 ms CreateObjectMapping: 0.049800 ms MarkObjects: 1.450400 ms  DeleteObjects: 0.053000 ms)

========================================================================
Received Import Request.
  Time since last request: 1003.097956 seconds.
  path: Assets/Resources/PhotonPrefabs/player.prefab
  artifactKey: Guid(1c6bee630656077489e4d943cb7ecf17) Importer(815301076,1909f56bfc062723c751e8b465ee728b)
Start importing Assets/Resources/PhotonPrefabs/player.prefab using Guid(1c6bee630656077489e4d943cb7ecf17) Importer(815301076,1909f56bfc062723c751e8b465ee728b)  -> (artifact id: 'fc989f71923e5cf25b3d66447b1fba96') in 0.139739 seconds
  Import took 0.144532 seconds .

========================================================================
Received Import Request.
  Time since last request: 38.248698 seconds.
  path: Assets/Resources/PhotonPrefabs/player.prefab
  artifactKey: Guid(1c6bee630656077489e4d943cb7ecf17) Importer(815301076,1909f56bfc062723c751e8b465ee728b)
Start importing Assets/Resources/PhotonPrefabs/player.prefab using Guid(1c6bee630656077489e4d943cb7ecf17) Importer(815301076,1909f56bfc062723c751e8b465ee728b)  -> (artifact id: 'af0a1d74ca5d708d0153be28c1c82a39') in 0.042288 seconds
  Import took 0.046855 seconds .

========================================================================
Received Import Request.
  Time since last request: 69.311041 seconds.
  path: Assets/Resources/PhotonPrefabs/player.prefab
  artifactKey: Guid(1c6bee630656077489e4d943cb7ecf17) Importer(815301076,1909f56bfc062723c751e8b465ee728b)
Start importing Assets/Resources/PhotonPrefabs/player.prefab using Guid(1c6bee630656077489e4d943cb7ecf17) Importer(815301076,1909f56bfc062723c751e8b465ee728b)  -> (artifact id: '7e085dfec312a33890c9d83818c50e50') in 0.041885 seconds
  Import took 0.046048 seconds .

========================================================================
Received Import Request.
  Time since last request: 7.627788 seconds.
  path: Assets/Resources/PhotonPrefabs/player.prefab
  artifactKey: Guid(1c6bee630656077489e4d943cb7ecf17) Importer(815301076,1909f56bfc062723c751e8b465ee728b)
Start importing Assets/Resources/PhotonPrefabs/player.prefab using Guid(1c6bee630656077489e4d943cb7ecf17) Importer(815301076,1909f56bfc062723c751e8b465ee728b)  -> (artifact id: '7c1017560ab0c64147e4ea83ea1a9ad4') in 0.043313 seconds
  Import took 0.048023 seconds .

========================================================================
Received Import Request.
  Time since last request: 92.145512 seconds.
  path: Assets/Resources/PhotonPrefabs/player.prefab
  artifactKey: Guid(1c6bee630656077489e4d943cb7ecf17) Importer(815301076,1909f56bfc062723c751e8b465ee728b)
Start importing Assets/Resources/PhotonPrefabs/player.prefab using Guid(1c6bee630656077489e4d943cb7ecf17) Importer(815301076,1909f56bfc062723c751e8b465ee728b)  -> (artifact id: 'ab646614fdcf8dd6f2161b1eea08ea39') in 0.040653 seconds
  Import took 0.045086 seconds .

========================================================================
Received Import Request.
  Time since last request: 29.503658 seconds.
  path: Assets/Resources/PhotonPrefabs/player.prefab
  artifactKey: Guid(1c6bee630656077489e4d943cb7ecf17) Importer(815301076,1909f56bfc062723c751e8b465ee728b)
Start importing Assets/Resources/PhotonPrefabs/player.prefab using Guid(1c6bee630656077489e4d943cb7ecf17) Importer(815301076,1909f56bfc062723c751e8b465ee728b)  -> (artifact id: '021f2ca373d59a60a450da4b6168cfa4') in 0.040383 seconds
  Import took 0.044957 seconds .

========================================================================
Received Import Request.
  Time since last request: 1.606917 seconds.
  path: Assets/Resources/PhotonPrefabs/player.prefab
  artifactKey: Guid(1c6bee630656077489e4d943cb7ecf17) Importer(815301076,1909f56bfc062723c751e8b465ee728b)
Start importing Assets/Resources/PhotonPrefabs/player.prefab using Guid(1c6bee630656077489e4d943cb7ecf17) Importer(815301076,1909f56bfc062723c751e8b465ee728b)  -> (artifact id: '64b40246764643ebc4e1aff24af124dd') in 0.040979 seconds
  Import took 0.045584 seconds .

========================================================================
Received Import Request.
  Time since last request: 11.888359 seconds.
  path: Assets/Resources/PhotonPrefabs/player.prefab
  artifactKey: Guid(1c6bee630656077489e4d943cb7ecf17) Importer(815301076,1909f56bfc062723c751e8b465ee728b)
Start importing Assets/Resources/PhotonPrefabs/player.prefab using Guid(1c6bee630656077489e4d943cb7ecf17) Importer(815301076,1909f56bfc062723c751e8b465ee728b)  -> (artifact id: '55967442d12f13c8f8def93415125d09') in 0.037946 seconds
  Import took 0.042138 seconds .

========================================================================
Received Import Request.
  Time since last request: 16.756053 seconds.
  path: Assets/Resources/PhotonPrefabs/player.prefab
  artifactKey: Guid(1c6bee630656077489e4d943cb7ecf17) Importer(815301076,1909f56bfc062723c751e8b465ee728b)
Start importing Assets/Resources/PhotonPrefabs/player.prefab using Guid(1c6bee630656077489e4d943cb7ecf17) Importer(815301076,1909f56bfc062723c751e8b465ee728b)  -> (artifact id: '5b5a4725f5149a2363f26feeaf854a07') in 0.038603 seconds
  Import took 0.043302 seconds .

========================================================================
Received Import Request.
  Time since last request: 20.735473 seconds.
  path: Assets/Resources/PhotonPrefabs/player.prefab
  artifactKey: Guid(1c6bee630656077489e4d943cb7ecf17) Importer(815301076,1909f56bfc062723c751e8b465ee728b)
Start importing Assets/Resources/PhotonPrefabs/player.prefab using Guid(1c6bee630656077489e4d943cb7ecf17) Importer(815301076,1909f56bfc062723c751e8b465ee728b)  -> (artifact id: '04b7e316350cbe0ad87bedec1e0172da') in 0.038356 seconds
  Import took 0.042825 seconds .

========================================================================
Received Import Request.
  Time since last request: 97.532098 seconds.
  path: Assets/Resources/PhotonPrefabs/player.prefab
  artifactKey: Guid(1c6bee630656077489e4d943cb7ecf17) Importer(815301076,1909f56bfc062723c751e8b465ee728b)
Start importing Assets/Resources/PhotonPrefabs/player.prefab using Guid(1c6bee630656077489e4d943cb7ecf17) Importer(815301076,1909f56bfc062723c751e8b465ee728b)  -> (artifact id: '15aaed5c6e0609df4e0fe6a9c1540c60') in 0.038020 seconds
  Import took 0.043002 seconds .

========================================================================
Received Import Request.
  Time since last request: 3.822488 seconds.
  path: Assets/Resources/PhotonPrefabs/player.prefab
  artifactKey: Guid(1c6bee630656077489e4d943cb7ecf17) Importer(815301076,1909f56bfc062723c751e8b465ee728b)
Start importing Assets/Resources/PhotonPrefabs/player.prefab using Guid(1c6bee630656077489e4d943cb7ecf17) Importer(815301076,1909f56bfc062723c751e8b465ee728b)  -> (artifact id: 'da94e618ac1ae7a119516e175163ae2a') in 0.036426 seconds
  Import took 0.040848 seconds .

========================================================================
Received Import Request.
  Time since last request: 14.464815 seconds.
  path: Assets/Resources/PhotonPrefabs/player.prefab
  artifactKey: Guid(1c6bee630656077489e4d943cb7ecf17) Importer(815301076,1909f56bfc062723c751e8b465ee728b)
Start importing Assets/Resources/PhotonPrefabs/player.prefab using Guid(1c6bee630656077489e4d943cb7ecf17) Importer(815301076,1909f56bfc062723c751e8b465ee728b)  -> (artifact id: 'cdb58952900aafb4f4c3ebf258364ade') in 0.038826 seconds
  Import took 0.043585 seconds .

========================================================================
Received Import Request.
  Time since last request: 8.273456 seconds.
  path: Assets/Resources/PhotonPrefabs/player.prefab
  artifactKey: Guid(1c6bee630656077489e4d943cb7ecf17) Importer(815301076,1909f56bfc062723c751e8b465ee728b)
Start importing Assets/Resources/PhotonPrefabs/player.prefab using Guid(1c6bee630656077489e4d943cb7ecf17) Importer(815301076,1909f56bfc062723c751e8b465ee728b)  -> (artifact id: '530d74f697c6f2c1286c5352e1d0695d') in 0.036958 seconds
  Import took 0.041241 seconds .

========================================================================
Received Prepare
Registering precompiled user dll's ...
Registered in 0.003074 seconds.
Begin MonoManager ReloadAssembly
Native extension for WindowsStandalone target not found
Refreshing native plugins compatible for Editor in 0.33 ms, found 0 plugins.
Preloading 0 native plugins for Editor in 0.00 ms.
Invoked RoslynAnalysisRunner static constructor.
RoslynAnalysisRunner will not be running.
RoslynAnalysisRunner has terminated.
Mono: successfully reloaded assembly
- Completed reload, in  0.783 seconds
Platform modules already initialized, skipping
Refreshing native plugins compatible for Editor in 0.32 ms, found 0 plugins.
Preloading 0 native plugins for Editor in 0.00 ms.
Unloading 1366 Unused Serialized files (Serialized files now loaded: 0)
System memory in use before: 89.1 MB.
System memory in use after: 89.1 MB.

Unloading 11 unused Assets to reduce memory usage. Loaded Objects now: 1893.
Total: 1.970500 ms (FindLiveObjects: 0.166300 ms CreateObjectMapping: 0.109200 ms MarkObjects: 1.630200 ms  DeleteObjects: 0.063700 ms)

========================================================================
Received Prepare
Registering precompiled user dll's ...
Registered in 0.002818 seconds.
Begin MonoManager ReloadAssembly
Native extension for WindowsStandalone target not found
Refreshing native plugins compatible for Editor in 0.32 ms, found 0 plugins.
Preloading 0 native plugins for Editor in 0.00 ms.
Invoked RoslynAnalysisRunner static constructor.
RoslynAnalysisRunner will not be running.
RoslynAnalysisRunner has terminated.
Mono: successfully reloaded assembly
- Completed reload, in  0.759 seconds
Platform modules already initialized, skipping
Refreshing native plugins compatible for Editor in 0.37 ms, found 0 plugins.
Preloading 0 native plugins for Editor in 0.00 ms.
Unloading 1366 Unused Serialized files (Serialized files now loaded: 0)
System memory in use before: 89.1 MB.
System memory in use after: 89.2 MB.

Unloading 11 unused Assets to reduce memory usage. Loaded Objects now: 1897.
Total: 1.634000 ms (FindLiveObjects: 0.174400 ms CreateObjectMapping: 0.051200 ms MarkObjects: 1.351700 ms  DeleteObjects: 0.054600 ms)

========================================================================
Received Import Request.
  Time since last request: 175.844687 seconds.
  path: Assets/Resources/PhotonPrefabs/player.prefab
  artifactKey: Guid(1c6bee630656077489e4d943cb7ecf17) Importer(815301076,1909f56bfc062723c751e8b465ee728b)
Start importing Assets/Resources/PhotonPrefabs/player.prefab using Guid(1c6bee630656077489e4d943cb7ecf17) Importer(815301076,1909f56bfc062723c751e8b465ee728b)  -> (artifact id: '4e0b31294857229cfce96b42cb5e321f') in 0.098166 seconds
  Import took 0.102505 seconds .

========================================================================
Received Import Request.
  Time since last request: 12.989302 seconds.
  path: Assets/Resources/PhotonPrefabs/player.prefab
  artifactKey: Guid(1c6bee630656077489e4d943cb7ecf17) Importer(815301076,1909f56bfc062723c751e8b465ee728b)
Start importing Assets/Resources/PhotonPrefabs/player.prefab using Guid(1c6bee630656077489e4d943cb7ecf17) Importer(815301076,1909f56bfc062723c751e8b465ee728b)  -> (artifact id: 'd22d5cc450632d817c932c3a031a0b87') in 0.038088 seconds
  Import took 0.042922 seconds .

========================================================================
Received Import Request.
  Time since last request: 21.350403 seconds.
  path: Assets/Resources/PhotonPrefabs/player.prefab
  artifactKey: Guid(1c6bee630656077489e4d943cb7ecf17) Importer(815301076,1909f56bfc062723c751e8b465ee728b)
Start importing Assets/Resources/PhotonPrefabs/player.prefab using Guid(1c6bee630656077489e4d943cb7ecf17) Importer(815301076,1909f56bfc062723c751e8b465ee728b)  -> (artifact id: '988d7bd2978b943230f5250ca3c6fece') in 0.039612 seconds
  Import took 0.044204 seconds .

========================================================================
Received Import Request.
  Time since last request: 12.245679 seconds.
  path: Assets/Resources/PhotonPrefabs/player.prefab
  artifactKey: Guid(1c6bee630656077489e4d943cb7ecf17) Importer(815301076,1909f56bfc062723c751e8b465ee728b)
Start importing Assets/Resources/PhotonPrefabs/player.prefab using Guid(1c6bee630656077489e4d943cb7ecf17) Importer(815301076,1909f56bfc062723c751e8b465ee728b)  -> (artifact id: '26b9c3d3a32107ee9aac3a3c92e35f19') in 0.035425 seconds
  Import took 0.039693 seconds .

========================================================================
Received Import Request.
  Time since last request: 5.990418 seconds.
  path: Assets/Resources/PhotonPrefabs/player.prefab
  artifactKey: Guid(1c6bee630656077489e4d943cb7ecf17) Importer(815301076,1909f56bfc062723c751e8b465ee728b)
Start importing Assets/Resources/PhotonPrefabs/player.prefab using Guid(1c6bee630656077489e4d943cb7ecf17) Importer(815301076,1909f56bfc062723c751e8b465ee728b)  -> (artifact id: '8e98081b900e9bcd3bbf6d0a41e76af5') in 0.035895 seconds
  Import took 0.040587 seconds .

========================================================================
Received Import Request.
  Time since last request: 15.756543 seconds.
  path: Assets/Resources/PhotonPrefabs/player.prefab
  artifactKey: Guid(1c6bee630656077489e4d943cb7ecf17) Importer(815301076,1909f56bfc062723c751e8b465ee728b)
Start importing Assets/Resources/PhotonPrefabs/player.prefab using Guid(1c6bee630656077489e4d943cb7ecf17) Importer(815301076,1909f56bfc062723c751e8b465ee728b)  -> (artifact id: '862edf2962ef209dde14cdbdd057dd53') in 0.040886 seconds
  Import took 0.045771 seconds .

========================================================================
Received Import Request.
  Time since last request: 4.240837 seconds.
  path: Assets/Resources/PhotonPrefabs/player.prefab
  artifactKey: Guid(1c6bee630656077489e4d943cb7ecf17) Importer(815301076,1909f56bfc062723c751e8b465ee728b)
Start importing Assets/Resources/PhotonPrefabs/player.prefab using Guid(1c6bee630656077489e4d943cb7ecf17) Importer(815301076,1909f56bfc062723c751e8b465ee728b)  -> (artifact id: '826e3c868afea628340f2ec826b8a891') in 0.035263 seconds
  Import took 0.040210 seconds .

========================================================================
Received Import Request.
  Time since last request: 19.590175 seconds.
  path: Assets/Resources/PhotonPrefabs/player.prefab
  artifactKey: Guid(1c6bee630656077489e4d943cb7ecf17) Importer(815301076,1909f56bfc062723c751e8b465ee728b)
Start importing Assets/Resources/PhotonPrefabs/player.prefab using Guid(1c6bee630656077489e4d943cb7ecf17) Importer(815301076,1909f56bfc062723c751e8b465ee728b)  -> (artifact id: '4ad37e61e00c1ad5fc16c9f19216a0ca') in 0.036600 seconds
  Import took 0.041370 seconds .

========================================================================
Received Import Request.
  Time since last request: 2.473502 seconds.
  path: Assets/Resources/PhotonPrefabs/player.prefab
  artifactKey: Guid(1c6bee630656077489e4d943cb7ecf17) Importer(815301076,1909f56bfc062723c751e8b465ee728b)
Start importing Assets/Resources/PhotonPrefabs/player.prefab using Guid(1c6bee630656077489e4d943cb7ecf17) Importer(815301076,1909f56bfc062723c751e8b465ee728b)  -> (artifact id: 'ee3cbdbe76c2277dd7cc61cf66e5ed34') in 0.035097 seconds
  Import took 0.039386 seconds .

========================================================================
Received Prepare
Registering precompiled user dll's ...
Registered in 0.003115 seconds.
Begin MonoManager ReloadAssembly
Native extension for WindowsStandalone target not found
Refreshing native plugins compatible for Editor in 0.33 ms, found 0 plugins.
Preloading 0 native plugins for Editor in 0.00 ms.
Invoked RoslynAnalysisRunner static constructor.
RoslynAnalysisRunner will not be running.
RoslynAnalysisRunner has terminated.
Mono: successfully reloaded assembly
- Completed reload, in  0.747 seconds
Platform modules already initialized, skipping
Refreshing native plugins compatible for Editor in 0.34 ms, found 0 plugins.
Preloading 0 native plugins for Editor in 0.00 ms.
Unloading 1366 Unused Serialized files (Serialized files now loaded: 0)
System memory in use before: 89.1 MB.
System memory in use after: 89.2 MB.

Unloading 11 unused Assets to reduce memory usage. Loaded Objects now: 1902.
Total: 1.695600 ms (FindLiveObjects: 0.157500 ms CreateObjectMapping: 0.046100 ms MarkObjects: 1.439300 ms  DeleteObjects: 0.051900 ms)

========================================================================
Received Import Request.
  Time since last request: 314.569852 seconds.
  path: Assets/Resources/PhotonPrefabs/player.prefab
  artifactKey: Guid(1c6bee630656077489e4d943cb7ecf17) Importer(815301076,1909f56bfc062723c751e8b465ee728b)
Start importing Assets/Resources/PhotonPrefabs/player.prefab using Guid(1c6bee630656077489e4d943cb7ecf17) Importer(815301076,1909f56bfc062723c751e8b465ee728b)  -> (artifact id: '6298d40c97fbb59556cb75a9e2f0c19b') in 0.097752 seconds
  Import took 0.102598 seconds .

========================================================================
Received Import Request.
  Time since last request: 305.703064 seconds.
  path: Assets/Resources/PhotonPrefabs/player.prefab
  artifactKey: Guid(1c6bee630656077489e4d943cb7ecf17) Importer(815301076,1909f56bfc062723c751e8b465ee728b)
Start importing Assets/Resources/PhotonPrefabs/player.prefab using Guid(1c6bee630656077489e4d943cb7ecf17) Importer(815301076,1909f56bfc062723c751e8b465ee728b)  -> (artifact id: '69b3265c70833295bde52297d1ceb582') in 0.048771 seconds
  Import took 0.054031 seconds .

========================================================================
Received Import Request.
  Time since last request: 485.360413 seconds.
  path: Assets/Resources/PhotonPrefabs/player.prefab
  artifactKey: Guid(1c6bee630656077489e4d943cb7ecf17) Importer(815301076,1909f56bfc062723c751e8b465ee728b)
Start importing Assets/Resources/PhotonPrefabs/player.prefab using Guid(1c6bee630656077489e4d943cb7ecf17) Importer(815301076,1909f56bfc062723c751e8b465ee728b)  -> (artifact id: '4d75a9fdfcab31e91750d67db3380ec9') in 0.052940 seconds
  Import took 0.057914 seconds .

========================================================================
Received Import Request.
  Time since last request: 11.157514 seconds.
  path: Assets/Resources/PhotonPrefabs/player.prefab
  artifactKey: Guid(1c6bee630656077489e4d943cb7ecf17) Importer(815301076,1909f56bfc062723c751e8b465ee728b)
Start importing Assets/Resources/PhotonPrefabs/player.prefab using Guid(1c6bee630656077489e4d943cb7ecf17) Importer(815301076,1909f56bfc062723c751e8b465ee728b)  -> (artifact id: '2afe310c6e3b5639a61eb1ad9dea3efa') in 0.041159 seconds
  Import took 0.045812 seconds .

========================================================================
Received Prepare
Registering precompiled user dll's ...
Registered in 0.002888 seconds.
Begin MonoManager ReloadAssembly
Native extension for WindowsStandalone target not found
Refreshing native plugins compatible for Editor in 0.37 ms, found 0 plugins.
Preloading 0 native plugins for Editor in 0.00 ms.
Invoked RoslynAnalysisRunner static constructor.
RoslynAnalysisRunner will not be running.
RoslynAnalysisRunner has terminated.
Mono: successfully reloaded assembly
- Completed reload, in  0.778 seconds
Platform modules already initialized, skipping
Refreshing native plugins compatible for Editor in 0.39 ms, found 0 plugins.
Preloading 0 native plugins for Editor in 0.00 ms.
Unloading 1366 Unused Serialized files (Serialized files now loaded: 0)
System memory in use before: 89.1 MB.
System memory in use after: 89.2 MB.

Unloading 11 unused Assets to reduce memory usage. Loaded Objects now: 1907.
Total: 1.589200 ms (FindLiveObjects: 0.157600 ms CreateObjectMapping: 0.045900 ms MarkObjects: 1.332800 ms  DeleteObjects: 0.052000 ms)

========================================================================
Received Import Request.
  Time since last request: 529.279888 seconds.
  path: Assets/Resources/PhotonPrefabs/player.prefab
  artifactKey: Guid(1c6bee630656077489e4d943cb7ecf17) Importer(815301076,1909f56bfc062723c751e8b465ee728b)
Start importing Assets/Resources/PhotonPrefabs/player.prefab using Guid(1c6bee630656077489e4d943cb7ecf17) Importer(815301076,1909f56bfc062723c751e8b465ee728b)  -> (artifact id: '7563a210b1ad4d265c361b30e2aa42f7') in 0.106277 seconds
  Import took 0.111078 seconds .

========================================================================
Received Prepare
Registering precompiled user dll's ...
Registered in 0.002940 seconds.
Begin MonoManager ReloadAssembly
Native extension for WindowsStandalone target not found
Refreshing native plugins compatible for Editor in 0.33 ms, found 0 plugins.
Preloading 0 native plugins for Editor in 0.00 ms.
Invoked RoslynAnalysisRunner static constructor.
RoslynAnalysisRunner will not be running.
RoslynAnalysisRunner has terminated.
Mono: successfully reloaded assembly
- Completed reload, in  0.785 seconds
Platform modules already initialized, skipping
Refreshing native plugins compatible for Editor in 0.32 ms, found 0 plugins.
Preloading 0 native plugins for Editor in 0.00 ms.
Unloading 1366 Unused Serialized files (Serialized files now loaded: 0)
System memory in use before: 89.1 MB.
System memory in use after: 89.2 MB.

Unloading 11 unused Assets to reduce memory usage. Loaded Objects now: 1912.
Total: 1.853800 ms (FindLiveObjects: 0.172800 ms CreateObjectMapping: 0.049800 ms MarkObjects: 1.572300 ms  DeleteObjects: 0.058100 ms)

========================================================================
Received Prepare
Registering precompiled user dll's ...
Registered in 0.002875 seconds.
Begin MonoManager ReloadAssembly
Native extension for WindowsStandalone target not found
Refreshing native plugins compatible for Editor in 0.35 ms, found 0 plugins.
Preloading 0 native plugins for Editor in 0.00 ms.
Invoked RoslynAnalysisRunner static constructor.
RoslynAnalysisRunner will not be running.
RoslynAnalysisRunner has terminated.
Mono: successfully reloaded assembly
- Completed reload, in  0.840 seconds
Platform modules already initialized, skipping
Refreshing native plugins compatible for Editor in 0.40 ms, found 0 plugins.
Preloading 0 native plugins for Editor in 0.00 ms.
Unloading 1366 Unused Serialized files (Serialized files now loaded: 0)
System memory in use before: 89.1 MB.
System memory in use after: 89.2 MB.

Unloading 11 unused Assets to reduce memory usage. Loaded Objects now: 1916.
Total: 1.768200 ms (FindLiveObjects: 0.157900 ms CreateObjectMapping: 0.047800 ms MarkObjects: 1.503800 ms  DeleteObjects: 0.056800 ms)

AssetImportWorkerClient::OnTransportError - code=2 error=End of file
